2025-09-04 11:31:42 [32minfo[39m: Cargando configuracion:
2025-09-04 11:31:42 [32minfo[39m: Configuracion Lista
2025-09-04 11:31:45 [32minfo[39m: Base de datos conectada a MongoDB
2025-09-04 12:08:35 [32minfo[39m: Cargando configuracion:
2025-09-04 12:08:35 [32minfo[39m: Configuracion Lista
2025-09-04 12:08:37 [32minfo[39m: Base de datos conectada a MongoDB
2025-09-09 19:03:29 [32minfo[39m: Cargando configuracion:
2025-09-09 19:03:29 [32minfo[39m: Configuracion Lista
2025-09-09 19:03:32 [32minfo[39m: Base de datos conectada a MongoDB
2025-09-09 19:07:44 [32minfo[39m: Cargando configuracion:
2025-09-09 19:07:51 [32minfo[39m: Cargando configuracion:
2025-09-10 15:17:06 [32minfo[39m: Cargando configuracion:
2025-09-10 15:17:06 [32minfo[39m: Configuracion Lista
2025-09-10 15:17:07 [32minfo[39m: Persistiendo Usuarios en: MongoDB
2025-09-10 15:17:09 [32minfo[39m: Base de datos conectada a MongoDB
2025-09-10 16:46:54 [32minfo[39m: Cargando configuracion:
2025-09-10 16:46:54 [32minfo[39m: Configuracion Lista
2025-09-10 16:46:55 [32minfo[39m: Persistiendo Usuarios en: MongoDB
2025-09-10 16:46:56 [32minfo[39m: Base de datos conectada a MongoDB
2025-09-10 16:50:32 [32minfo[39m: Cargando configuracion:
2025-09-10 16:50:32 [32minfo[39m: Configuracion Lista
2025-09-10 16:50:33 [32minfo[39m: Persistiendo Usuarios en: MongoDB
2025-09-10 16:50:34 [32minfo[39m: Base de datos conectada a MongoDB
2025-09-10 16:50:45 [32minfo[39m: Cargando configuracion:
2025-09-10 16:50:45 [32minfo[39m: Configuracion Lista
2025-09-10 16:50:46 [32minfo[39m: Persistiendo Usuarios en: MongoDB
2025-09-10 16:50:47 [32minfo[39m: Base de datos conectada a MongoDB
2025-09-10 16:52:01 [32minfo[39m: Cargando configuracion:
2025-09-10 16:52:01 [32minfo[39m: Configuracion Lista
2025-09-10 16:52:02 [32minfo[39m: Persistiendo Usuarios en: MongoDB
2025-09-10 16:52:03 [32minfo[39m: Base de datos conectada a MongoDB
2025-09-10 16:52:15 [32minfo[39m: Cargando configuracion:
2025-09-10 16:52:15 [32minfo[39m: Configuracion Lista
2025-09-10 16:52:16 [32minfo[39m: Persistiendo Usuarios en: MongoDB
2025-09-10 16:52:17 [32minfo[39m: Base de datos conectada a MongoDB
2025-09-10 16:52:53 [32minfo[39m: Cargando configuracion:
2025-09-10 16:52:53 [32minfo[39m: Configuracion Lista
2025-09-10 16:52:54 [32minfo[39m: Persistiendo Usuarios en: MongoDB
2025-09-10 16:52:55 [32minfo[39m: Base de datos conectada a MongoDB
2025-09-10 16:53:10 [32minfo[39m: Cargando configuracion:
2025-09-10 16:53:10 [32minfo[39m: Configuracion Lista
2025-09-10 16:53:12 [32minfo[39m: Persistiendo Usuarios en: MongoDB
2025-09-10 16:53:13 [32minfo[39m: Base de datos conectada a MongoDB
2025-09-10 16:53:15 [32minfo[39m: Cargando configuracion:
2025-09-10 16:53:15 [32minfo[39m: Configuracion Lista
2025-09-10 16:53:17 [32minfo[39m: Persistiendo Usuarios en: MongoDB
2025-09-10 16:53:18 [32minfo[39m: Base de datos conectada a MongoDB
2025-09-10 16:54:23 [32minfo[39m: Cargando configuracion:
2025-09-10 16:54:23 [32minfo[39m: Configuracion Lista
2025-09-10 16:54:24 [32minfo[39m: Persistiendo Usuarios en: MongoDB
2025-09-10 16:54:25 [32minfo[39m: Base de datos conectada a MongoDB
2025-09-10 17:27:28 [32minfo[39m: Cargando configuracion:
2025-09-10 17:27:28 [32minfo[39m: Configuracion Lista
2025-09-10 17:27:29 [32minfo[39m: Persistiendo Usuarios en: MongoDB
2025-09-10 17:27:32 [32minfo[39m: Base de datos conectada a MongoDB
2025-09-10 17:27:40 [32minfo[39m: Cargando configuracion:
2025-09-10 17:27:40 [32minfo[39m: Configuracion Lista
2025-09-10 17:27:41 [32minfo[39m: Persistiendo Usuarios en: MongoDB
2025-09-10 17:27:42 [32minfo[39m: Base de datos conectada a MongoDB
2025-09-10 17:27:58 [32minfo[39m: Cargando configuracion:
2025-09-10 17:27:58 [32minfo[39m: Configuracion Lista
2025-09-10 17:27:59 [32minfo[39m: Persistiendo Usuarios en: MongoDB
2025-09-10 17:28:00 [32minfo[39m: Base de datos conectada a MongoDB
2025-09-10 17:28:45 [32minfo[39m: Cargando configuracion:
2025-09-10 17:28:45 [32minfo[39m: Configuracion Lista
2025-09-10 17:28:46 [32minfo[39m: Persistiendo Usuarios en: MongoDB
2025-09-10 17:28:48 [32minfo[39m: Base de datos conectada a MongoDB
2025-09-10 17:31:07 [32minfo[39m: Cargando configuracion:
2025-09-10 17:31:07 [32minfo[39m: Configuracion Lista
2025-09-10 17:31:07 [32minfo[39m: Persistiendo Usuarios en: MongoDB
2025-09-10 17:31:09 [32minfo[39m: Base de datos conectada a MongoDB
2025-09-10 17:45:39 [32minfo[39m: Cargando configuracion:
2025-09-10 17:45:39 [32minfo[39m: Configuracion Lista
2025-09-10 17:45:41 [32minfo[39m: Persistiendo Usuarios en: MongoDB
2025-09-10 17:45:42 [32minfo[39m: Base de datos conectada a MongoDB
2025-09-10 17:47:04 [32minfo[39m: Cargando configuracion:
2025-09-10 17:47:04 [32minfo[39m: Configuracion Lista
2025-09-10 17:47:05 [32minfo[39m: Persistiendo Usuarios en: MongoDB
2025-09-10 17:47:07 [32minfo[39m: Base de datos conectada a MongoDB
2025-09-10 17:47:47 [32minfo[39m: Cargando configuracion:
2025-09-10 17:47:47 [32minfo[39m: Configuracion Lista
2025-09-10 17:47:48 [32minfo[39m: Persistiendo Usuarios en: MongoDB
2025-09-10 17:47:49 [32minfo[39m: Base de datos conectada a MongoDB
2025-09-10 17:49:25 [32minfo[39m: Cargando configuracion:
2025-09-10 17:49:25 [32minfo[39m: Configuracion Lista
2025-09-10 17:49:26 [32minfo[39m: Persistiendo Usuarios en: MongoDB
2025-09-10 17:49:28 [32minfo[39m: Base de datos conectada a MongoDB
2025-09-10 18:48:59 [32minfo[39m: Cargando configuracion:
2025-09-10 18:48:59 [32minfo[39m: Configuracion Lista
2025-09-10 18:49:01 [32minfo[39m: Persistiendo Usuarios en: MongoDB
2025-09-10 18:49:03 [32minfo[39m: Base de datos conectada a MongoDB
2025-09-10 18:50:16 [32minfo[39m: Cargando configuracion:
2025-09-10 18:50:16 [32minfo[39m: Configuracion Lista
2025-09-10 18:50:17 [32minfo[39m: Persistiendo Usuarios en: MongoDB
2025-09-10 18:50:20 [32minfo[39m: Base de datos conectada a MongoDB
2025-09-10 19:07:31 [32minfo[39m: Cargando configuracion:
2025-09-10 19:07:31 [32minfo[39m: Configuracion Lista
2025-09-10 19:07:32 [32minfo[39m: Persistiendo Usuarios en: MongoDB
2025-09-10 19:07:35 [32minfo[39m: Base de datos conectada a MongoDB
2025-09-10 19:20:30 [32minfo[39m: Cargando configuracion:
2025-09-10 19:20:30 [32minfo[39m: Configuracion Lista
2025-09-10 19:20:31 [32minfo[39m: Persistiendo Usuarios en: MongoDB
2025-09-10 19:20:33 [32minfo[39m: Base de datos conectada a MongoDB
2025-09-10 19:21:04 [32minfo[39m: Cargando configuracion:
2025-09-10 19:21:04 [32minfo[39m: Configuracion Lista
2025-09-10 19:21:05 [32minfo[39m: Persistiendo Usuarios en: MongoDB
2025-09-10 19:21:06 [32minfo[39m: Base de datos conectada a MongoDB
2025-09-10 22:18:15 [32minfo[39m: Cargando configuracion:
2025-09-10 22:18:15 [32minfo[39m: Configuracion Lista
2025-09-10 22:18:16 [32minfo[39m: Persistiendo Usuarios en: MongoDB
2025-09-10 22:18:17 [32minfo[39m: Base de datos conectada a MongoDB
2025-09-10 22:24:14 [32minfo[39m: Cargando configuracion:
2025-09-10 22:24:14 [32minfo[39m: Configuracion Lista
2025-09-10 22:24:15 [32minfo[39m: Persistiendo Usuarios en: MongoDB
2025-09-10 22:24:17 [32minfo[39m: Base de datos conectada a MongoDB
2025-09-10 22:24:45 [31merror[39m: Error en el registro del usuarioNegocio: daoUsuarioNegocio.findOne is not a function
2025-09-10 22:24:45 [31merror[39m: Error en el registro del usuarioNegocio: daoUsuarioNegocio.findOne is not a function
2025-09-10 22:34:14 [32minfo[39m: Cargando configuracion:
2025-09-10 22:34:14 [32minfo[39m: Configuracion Lista
2025-09-10 22:34:15 [32minfo[39m: Persistiendo Usuarios en: MongoDB
2025-09-10 22:34:17 [32minfo[39m: Base de datos conectada a MongoDB
2025-09-10 22:35:03 [32minfo[39m: Cargando configuracion:
2025-09-10 22:35:03 [32minfo[39m: Configuracion Lista
2025-09-10 22:35:04 [32minfo[39m: Persistiendo Usuarios en: MongoDB
2025-09-10 22:35:05 [32minfo[39m: Base de datos conectada a MongoDB
2025-09-10 22:35:11 [31merror[39m: Error en el registro del usuarioNegocio: UsuarioNegocio validation failed: telefono: Path `telefono` is required.
2025-09-10 22:35:11 [31merror[39m: Error en el registro del usuarioNegocio: UsuarioNegocio validation failed: telefono: Path `telefono` is required.
2025-09-10 22:36:14 [32minfo[39m: Cargando configuracion:
2025-09-10 22:36:14 [32minfo[39m: Configuracion Lista
2025-09-10 22:36:15 [32minfo[39m: Persistiendo Usuarios en: MongoDB
2025-09-10 22:36:17 [32minfo[39m: Base de datos conectada a MongoDB
2025-09-10 22:36:21 [32minfo[39m: Usuario Negocio Creado:
2025-09-10 22:36:21 [32minfo[39m: {"nombre":"Nenuco","email":"nenuco@nenuco.com","passwordHash":"$2b$10$UZUEekKO9WkXX9eElGAZK.2p4R9inhkPAPu/j2t9ucaoGPRyGq.a.","direccion":"Las Aceitunas 2122","telefono":"1140846132","servicios":[],"extra":[],"_id":"68c22795f94cc6a899243ba8","createdAt":"2025-09-11T01:36:21.907Z","updatedAt":"2025-09-11T01:36:21.907Z","__v":0}
2025-09-10 22:48:12 [32minfo[39m: Usuario Negocio Creado:
2025-09-10 22:48:12 [32minfo[39m: {"nombre":"Fernando ","email":"Nenuco@donosor.com","passwordHash":"$2b$10$M/hek8iotAabD3CCRCps/eOXmY1XRaEPSzSTDDhpEUE5Iwax9cYPu","direccion":"laalala 1212","telefono":"1140845151","servicios":[],"extra":[],"_id":"68c22a5cf94cc6a899243bab","createdAt":"2025-09-11T01:48:12.388Z","updatedAt":"2025-09-11T01:48:12.388Z","__v":0}
2025-09-10 22:50:36 [32minfo[39m: Cargando configuracion:
2025-09-10 22:50:48 [32minfo[39m: Cargando configuracion:
2025-09-10 22:50:48 [32minfo[39m: Configuracion Lista
2025-09-10 22:50:49 [32minfo[39m: Persistiendo Usuarios en: MongoDB
2025-09-10 22:50:51 [32minfo[39m: Base de datos conectada a MongoDB
2025-09-10 22:51:36 [32minfo[39m: Cargando configuracion:
2025-09-10 22:51:36 [32minfo[39m: Configuracion Lista
2025-09-10 22:51:37 [32minfo[39m: Persistiendo Usuarios en: MongoDB
2025-09-10 22:51:38 [32minfo[39m: Base de datos conectada a MongoDB
2025-09-10 22:54:06 [31merror[39m: Error al validar la contraseña del usuarioNegocio: data and hash arguments required
2025-09-10 22:54:06 [31merror[39m: Error en el login del usuarioNegocio: data and hash arguments required
2025-09-10 23:03:49 [32minfo[39m: Cargando configuracion:
2025-09-10 23:03:49 [32minfo[39m: Configuracion Lista
2025-09-10 23:03:50 [32minfo[39m: Persistiendo Usuarios en: MongoDB
2025-09-10 23:03:52 [32minfo[39m: Base de datos conectada a MongoDB
2025-09-10 23:15:16 [32minfo[39m: Cargando configuracion:
2025-09-10 23:15:16 [32minfo[39m: Configuracion Lista
2025-09-10 23:15:17 [32minfo[39m: Persistiendo Usuarios en: MongoDB
2025-09-10 23:15:19 [32minfo[39m: Base de datos conectada a MongoDB
2025-09-10 23:15:43 [32minfo[39m: Cargando configuracion:
2025-09-10 23:15:43 [32minfo[39m: Configuracion Lista
2025-09-10 23:15:45 [32minfo[39m: Persistiendo Usuarios en: MongoDB
2025-09-10 23:15:46 [32minfo[39m: Base de datos conectada a MongoDB
2025-09-10 23:18:27 [31merror[39m: Error al validar la contraseña: secretOrPrivateKey must have a value
2025-09-10 23:18:27 [31merror[39m: Error en el login del usuarioNegocio: secretOrPrivateKey must have a value
2025-09-10 23:20:31 [32minfo[39m: Cargando configuracion:
2025-09-10 23:20:31 [32minfo[39m: Configuracion Lista
2025-09-10 23:20:33 [32minfo[39m: Persistiendo Usuarios en: MongoDB
2025-09-10 23:20:35 [32minfo[39m: Base de datos conectada a MongoDB
2025-09-10 23:20:46 [32minfo[39m: Usuario Negocio Logueado:
2025-09-10 23:20:46 [32minfo[39m: {"_id":"68c22a5cf94cc6a899243bab","nombre":"Fernando ","email":"nenuco@donosor.com","passwordHash":"$2b$10$M/hek8iotAabD3CCRCps/eOXmY1XRaEPSzSTDDhpEUE5Iwax9cYPu","direccion":"laalala 1212","telefono":"1140845151","servicios":[],"extra":[],"createdAt":"2025-09-11T01:48:12.388Z","updatedAt":"2025-09-11T01:48:12.388Z","__v":0}
